<?xml version="1.0" encoding="UTF-8"?>
<!-- Generated by org.testng.reporters.JUnitReportReporter -->
<testsuite hostname="LTIN517422" failures="0" tests="6" name="CentralPackage.LibraryAPI" time="1.824" errors="0" timestamp="2024-08-27T15:14:15 IST" skipped="0">
  <testcase classname="CentralPackage.LibraryAPI" name="testCase01_postBook" time="0.121"/>
  <testcase classname="CentralPackage.LibraryAPI" name="testCase01_postBook" time="1.223"/>
  <testcase classname="CentralPackage.LibraryAPI" name="testCase01_postBook" time="0.123"/>
  <testcase classname="CentralPackage.LibraryAPI" name="testCase02_deleteBook" time="0.119"/>
  <testcase classname="CentralPackage.LibraryAPI" name="testCase02_deleteBook" time="0.112"/>
  <testcase classname="CentralPackage.LibraryAPI" name="testCase02_deleteBook" time="0.126"/>
</testsuite> <!-- CentralPackage.LibraryAPI -->
