<?xml version="1.0" encoding="UTF-8"?>
<!-- Generated by org.testng.reporters.JUnitReportReporter -->
<testsuite hostname="DESKTOP-U5JLPGQ" failures="0" tests="1" name="CentralPackage.PostRequest" time="2.982" errors="0" timestamp="2024-08-25T18:22:06 IST" skipped="0">
  <testcase classname="CentralPackage.PostRequest" name="testCase01" time="2.982"/>
  <system-out/>
</testsuite> <!-- CentralPackage.PostRequest -->
