<?xml version="1.0" encoding="UTF-8"?>
<!-- Generated by org.testng.reporters.JUnitReportReporter -->
<testsuite hostname="LTIN517422" failures="0" tests="1" name="CentralPackage.ComplexJSONPath" time="1.536" errors="0" timestamp="2024-08-27T12:50:31 IST" skipped="0">
  <testcase classname="CentralPackage.ComplexJSONPath" name="testCase01_JsonParsing" time="1.536"/>
</testsuite> <!-- CentralPackage.ComplexJSONPath -->
