<?xml version="1.0" encoding="UTF-8"?>
<!-- Generated by org.testng.reporters.JUnitReportReporter -->
<testsuite hostname="LTIN517422" failures="0" tests="2" name="CentralPackage.CreateAndUpdateJIRA" time="5.375" errors="0" timestamp="2024-08-28T10:49:23 IST" skipped="1">
  <testcase classname="CentralPackage.CreateAndUpdateJIRA" name="addAttachments" time="5.375"/>
  <testcase classname="CentralPackage.CreateAndUpdateJIRA" name="testCase01_createBug">
    <skipped/>
  </testcase> <!-- testCase01_createBug -->
</testsuite> <!-- CentralPackage.CreateAndUpdateJIRA -->
