<?xml version="1.0" encoding="UTF-8"?>
<!-- Generated by org.testng.reporters.JUnitReportReporter -->
<testsuite hostname="LTIN517422" failures="0" tests="2" name="CentralPackage.FirstPostRequest" time="3.620" errors="0" timestamp="2024-08-27T13:00:38 IST" skipped="1">
  <testcase classname="CentralPackage.FirstPostRequest" name="testCase02_UpdatePlace" time="3.620"/>
  <testcase classname="CentralPackage.FirstPostRequest" name="testCase01_AddPlace">
    <skipped/>
  </testcase> <!-- testCase01_AddPlace -->
</testsuite> <!-- CentralPackage.FirstPostRequest -->
