<?xml version="1.0" encoding="UTF-8"?>
<!-- Generated by org.testng.reporters.JUnitReportReporter -->
<testsuite hostname="LTIN517422" failures="0" tests="3" name="CentralPackage.FirstPostRequest" time="4.716" errors="0" timestamp="2024-08-26T17:15:07 IST" skipped="1">
  <testcase classname="CentralPackage.FirstPostRequest" name="testCase02_UpdatePlace" time="3.601"/>
  <testcase classname="CentralPackage.FirstPostRequest" name="testCase03_GetPlace" time="1.115"/>
  <testcase classname="CentralPackage.FirstPostRequest" name="testCase01_AddPlace">
    <skipped/>
  </testcase> <!-- testCase01_AddPlace -->
</testsuite> <!-- CentralPackage.FirstPostRequest -->
