<?xml version="1.0" encoding="UTF-8"?>
<!-- Generated by org.testng.reporters.JUnitReportReporter -->
<testsuite hostname="LTIN517422" failures="0" tests="2" name="ecomProject.LetsShop" time="4.867" errors="0" timestamp="2024-08-30T11:52:20 IST" skipped="0">
  <testcase classname="ecomProject.LetsShop" name="logging" time="3.495"/>
  <testcase classname="ecomProject.LetsShop" name="addProduct" time="1.372"/>
</testsuite> <!-- ecomProject.LetsShop -->
