<?xml version="1.0" encoding="UTF-8"?>
<!-- Generated by org.testng.reporters.JUnitReportReporter -->
<testsuite hostname="LTIN517422" failures="0" tests="6" name="CentralPackage.Library" time="3.234" errors="0" timestamp="2024-08-27T17:14:29 IST" skipped="0">
  <testcase classname="CentralPackage.Library" name="testCase01_postBook" time="0.158"/>
  <testcase classname="CentralPackage.Library" name="testCase01_postBook" time="2.551"/>
  <testcase classname="CentralPackage.Library" name="testCase02_deleteBook" time="0.125"/>
  <testcase classname="CentralPackage.Library" name="testCase02_deleteBook" time="0.135"/>
  <testcase classname="CentralPackage.Library" name="testCase01_postBook" time="0.144"/>
  <testcase classname="CentralPackage.Library" name="testCase02_deleteBook" time="0.121"/>
</testsuite> <!-- CentralPackage.Library -->
