<?xml version="1.0" encoding="UTF-8"?>
<!-- Generated by org.testng.reporters.JUnitReportReporter -->
<testsuite hostname="LTIN517422" failures="0" tests="1" name="CentralPackage.Serialization" time="5.270" errors="0" timestamp="2024-08-29T11:26:15 IST" skipped="0">
  <testcase classname="CentralPackage.Serialization" name="serialization" time="5.270"/>
</testsuite> <!-- CentralPackage.Serialization -->
