<?xml version="1.0" encoding="UTF-8"?>
<!-- Generated by org.testng.reporters.JUnitReportReporter -->
<testsuite hostname="LTIN517422" failures="0" tests="3" name="projects.EcomProject" time="5.249" errors="0" timestamp="2024-08-30T12:20:15 IST" skipped="0">
  <testcase classname="projects.EcomProject" name="login" time="3.699"/>
  <testcase classname="projects.EcomProject" name="addProduct" time="1.361"/>
  <testcase classname="projects.EcomProject" name="deleteProduct" time="0.189"/>
</testsuite> <!-- projects.EcomProject -->
