<?xml version="1.0" encoding="UTF-8"?>
<!-- Generated by org.testng.reporters.JUnitReportReporter -->
<testsuite hostname="LTIN517422" failures="0" tests="1" name="CentralPackage.FirstGetRequest" time="1.742" errors="0" timestamp="2024-08-26T15:26:38 IST" skipped="0">
  <testcase classname="CentralPackage.FirstGetRequest" name="testCase_AddPlace" time="1.742"/>
</testsuite> <!-- CentralPackage.FirstGetRequest -->
