<?xml version="1.0" encoding="UTF-8"?>
<!-- Generated by org.testng.reporters.JUnitReportReporter -->
<testsuite hostname="LTIN517422" failures="0" tests="6" name="CentralPackage.LibraryAPI" time="3.292" errors="0" timestamp="2024-08-27T17:12:48 IST" skipped="0">
  <testcase classname="CentralPackage.LibraryAPI" name="testCase01_postBook" time="0.186"/>
  <testcase classname="CentralPackage.LibraryAPI" name="testCase02_deleteBook" time="0.138"/>
  <testcase classname="CentralPackage.LibraryAPI" name="testCase02_deleteBook" time="0.126"/>
  <testcase classname="CentralPackage.LibraryAPI" name="testCase01_postBook" time="2.552"/>
  <testcase classname="CentralPackage.LibraryAPI" name="testCase01_postBook" time="0.152"/>
  <testcase classname="CentralPackage.LibraryAPI" name="testCase02_deleteBook" time="0.138"/>
</testsuite> <!-- CentralPackage.LibraryAPI -->
