<?xml version="1.0" encoding="UTF-8"?>
<!-- Generated by org.testng.reporters.JUnitReportReporter -->
<testsuite hostname="LTIN517422" failures="0" tests="1" name="ecomProject.Login" time="3.350" errors="0" timestamp="2024-08-29T16:19:55 IST" skipped="0">
  <testcase classname="ecomProject.Login" name="logging" time="3.350"/>
</testsuite> <!-- ecomProject.Login -->
