<?xml version="1.0" encoding="UTF-8"?>
<!-- Generated by org.testng.reporters.JUnitReportReporter -->
<testsuite hostname="LTIN517422" failures="0" tests="6" name="CentralPackage.Library" time="4.114" errors="0" timestamp="2024-08-27T18:41:08 IST" skipped="0">
  <testcase classname="CentralPackage.Library" name="testCase01_postBook" time="3.397"/>
  <testcase classname="CentralPackage.Library" name="testCase01_postBook" time="0.158"/>
  <testcase classname="CentralPackage.Library" name="testCase02_deleteBook" time="0.118"/>
  <testcase classname="CentralPackage.Library" name="testCase02_deleteBook" time="0.199"/>
  <testcase classname="CentralPackage.Library" name="testCase01_postBook" time="0.120"/>
  <testcase classname="CentralPackage.Library" name="testCase02_deleteBook" time="0.122"/>
</testsuite> <!-- CentralPackage.Library -->
