<?xml version="1.0" encoding="UTF-8"?>
<!-- Generated by org.testng.reporters.JUnitReportReporter -->
<testsuite hostname="LTIN517422" failures="0" tests="1" name="CentralPackage.OAuthExample" time="2.005" errors="0" timestamp="2024-08-28T16:49:58 IST" skipped="0">
  <testcase classname="CentralPackage.OAuthExample" name="generateAccessToken" time="2.005"/>
</testsuite> <!-- CentralPackage.OAuthExample -->
