<?xml version="1.0" encoding="UTF-8"?>
<!-- Generated by org.testng.reporters.JUnitReportReporter -->
<testsuite hostname="LTIN517422" failures="0" tests="1" name="CentralPackage.RequestSpecBuilder" time="3.935" errors="0" timestamp="2024-08-29T15:59:58 IST" skipped="0">
  <testcase classname="CentralPackage.RequestSpecBuilder" name="serialization" time="3.935"/>
</testsuite> <!-- CentralPackage.RequestSpecBuilder -->
