<?xml version="1.0" encoding="UTF-8"?>
<!-- Generated by org.testng.reporters.JUnitReportReporter -->
<testsuite hostname="DESKTOP-U5JLPGQ" failures="0" tests="2" name="CentralPackage.FirstGetRequest" time="2.717" errors="0" timestamp="2024-08-25T17:49:17 IST" skipped="0">
  <testcase classname="CentralPackage.FirstGetRequest" name="testCase01" time="2.383"/>
  <system-out/>
  <testcase classname="CentralPackage.FirstGetRequest" name="testcase02" time="0.334"/>
  <system-out/>
</testsuite> <!-- CentralPackage.FirstGetRequest -->
